2020-12-18 18:16:54,145 ERROR 22636 [-/127.0.0.1/-/7ms GET /] nodejs.Error: Please set config.keys first
    at Application.get keys [as keys] (/Users/qsc/fe-interview/node/egg/node_modules/egg/lib/application.js:266:15)
    at Object.get cookies [as cookies] (/Users/qsc/fe-interview/node/egg/node_modules/egg/app/extend/context.js:22:66)
    at Object.get [egg-security#CSRF_SECRET] (/Users/qsc/fe-interview/node/egg/node_modules/egg-security/app/extend/context.js:91:35)
    at Object.ensureCsrfSecret (/Users/qsc/fe-interview/node/egg/node_modules/egg-security/app/extend/context.js:104:13)
    at csrf (/Users/qsc/fe-interview/node/egg/node_modules/egg-security/lib/middlewares/csrf.js:15:11)
    at dispatch (/Users/qsc/fe-interview/node/egg/node_modules/egg-security/node_modules/koa-compose/index.js:42:32)
    at /Users/qsc/fe-interview/node/egg/node_modules/egg-security/node_modules/koa-compose/index.js:34:12
    at dispatch (/Users/qsc/fe-interview/node/egg/node_modules/koa/node_modules/koa-compose/index.js:42:32)
    at session (/Users/qsc/fe-interview/node/egg/node_modules/koa-session/index.js:41:13)
    at dispatch (/Users/qsc/fe-interview/node/egg/node_modules/koa/node_modules/koa-compose/index.js:42:32)

pid: 22636
hostname: xinchengdeMacBook-Pro.local

2020-12-18 18:18:25,984 ERROR 23126 [-/127.0.0.1/-/6ms GET /] nodejs.Error: Please set config.keys first
    at Application.get keys [as keys] (/Users/qsc/fe-interview/node/egg/node_modules/egg/lib/application.js:266:15)
    at Object.get cookies [as cookies] (/Users/qsc/fe-interview/node/egg/node_modules/egg/app/extend/context.js:22:66)
    at Object.get [egg-security#CSRF_SECRET] (/Users/qsc/fe-interview/node/egg/node_modules/egg-security/app/extend/context.js:91:35)
    at Object.ensureCsrfSecret (/Users/qsc/fe-interview/node/egg/node_modules/egg-security/app/extend/context.js:104:13)
    at csrf (/Users/qsc/fe-interview/node/egg/node_modules/egg-security/lib/middlewares/csrf.js:15:11)
    at dispatch (/Users/qsc/fe-interview/node/egg/node_modules/egg-security/node_modules/koa-compose/index.js:42:32)
    at /Users/qsc/fe-interview/node/egg/node_modules/egg-security/node_modules/koa-compose/index.js:34:12
    at dispatch (/Users/qsc/fe-interview/node/egg/node_modules/koa/node_modules/koa-compose/index.js:42:32)
    at session (/Users/qsc/fe-interview/node/egg/node_modules/koa-session/index.js:41:13)
    at dispatch (/Users/qsc/fe-interview/node/egg/node_modules/koa/node_modules/koa-compose/index.js:42:32)

pid: 23126
hostname: xinchengdeMacBook-Pro.local

2020-12-18 19:08:41,233 ERROR 26873 nodejs.ClusterClientNoResponseError: client no response in 184367ms exceeding maxIdleTime 60000ms, maybe the connection is close on other side.
    at Timeout._onTimeout (/Users/qsc/fe-interview/node/egg/node_modules/cluster-client/lib/leader.js:77:23)
    at listOnTimeout (internal/timers.js:549:17)
    at processTimers (internal/timers.js:492:7)
name: "ClusterClientNoResponseError"
pid: 26873
hostname: xinchengdeMacBook-Pro.local

2020-12-18 19:13:38,812 ERROR 26873 nodejs.ClusterClientNoResponseError: client no response in 257559ms exceeding maxIdleTime 60000ms, maybe the connection is close on other side.
    at Timeout._onTimeout (/Users/qsc/fe-interview/node/egg/node_modules/cluster-client/lib/leader.js:77:23)
    at listOnTimeout (internal/timers.js:549:17)
    at processTimers (internal/timers.js:492:7)
name: "ClusterClientNoResponseError"
pid: 26873
hostname: xinchengdeMacBook-Pro.local

2020-12-19 07:32:48,465 ERROR 26873 nodejs.ClusterClientNoResponseError: client no response in 43269453ms exceeding maxIdleTime 60000ms, maybe the connection is close on other side.
    at Timeout._onTimeout (/Users/qsc/fe-interview/node/egg/node_modules/cluster-client/lib/leader.js:77:23)
    at listOnTimeout (internal/timers.js:549:17)
    at processTimers (internal/timers.js:492:7)
name: "ClusterClientNoResponseError"
pid: 26873
hostname: xinchengdeMacBook-Pro.local

2020-12-21 09:24:27,737 ERROR 26873 nodejs.ClusterClientNoResponseError: client no response in 179499196ms exceeding maxIdleTime 60000ms, maybe the connection is close on other side.
    at Timeout._onTimeout (/Users/qsc/fe-interview/node/egg/node_modules/cluster-client/lib/leader.js:77:23)
    at listOnTimeout (internal/timers.js:549:17)
    at processTimers (internal/timers.js:492:7)
name: "ClusterClientNoResponseError"
pid: 26873
hostname: xinchengdeMacBook-Pro.local

