2020-12-18 18:16:13,938 INFO 22636 [egg:logger] init all loggers with options: {"dir":"/Users/qsc/fe-interview/node/egg/logs/egg-study","encoding":"utf8","env":"local","level":"INFO","consoleLevel":"INFO","disableConsoleAfterReady":false,"outputJSON":false,"buffer":true,"appLogName":"egg-study-web.log","coreLogName":"egg-web.log","agentLogName":"egg-agent.log","errorLogName":"common-error.log","coreLogger":{"consoleLevel":"WARN"},"allowDebugAtProd":false,"type":"application"}
2020-12-18 18:16:13,964 INFO 22636 [egg-multipart] stream mode enable
2020-12-18 18:16:14,073 INFO 22636 [egg-static] starting static serve /public/ -> /Users/qsc/fe-interview/node/egg/app/public
2020-12-18 18:16:14,075 INFO 22636 [egg-security] use csrf middleware
2020-12-18 18:16:14,076 INFO 22636 [egg-security] use methodnoallow middleware
2020-12-18 18:16:14,077 INFO 22636 [egg-security] use noopen middleware
2020-12-18 18:16:14,077 INFO 22636 [egg-security] use nosniff middleware
2020-12-18 18:16:14,078 INFO 22636 [egg-security] use xssProtection middleware
2020-12-18 18:16:14,079 INFO 22636 [egg-security] use xframe middleware
2020-12-18 18:16:14,079 INFO 22636 [egg-security] use dta middleware
2020-12-18 18:16:14,079 INFO 22636 [egg-security] compose 7 middlewares into one security middleware
2020-12-18 18:16:14,085 INFO 22636 [egg:core] dump config after load, 5ms
2020-12-18 18:16:14,097 INFO 22636 [egg-watcher:application] watcher start success
2020-12-18 18:16:14,106 INFO 22636 [egg:core] dump config after ready, 7ms
2020-12-18 18:18:18,117 INFO 23126 [egg:logger] init all loggers with options: {"dir":"/Users/qsc/fe-interview/node/egg/logs/egg-study","encoding":"utf8","env":"local","level":"INFO","consoleLevel":"INFO","disableConsoleAfterReady":false,"outputJSON":false,"buffer":true,"appLogName":"egg-study-web.log","coreLogName":"egg-web.log","agentLogName":"egg-agent.log","errorLogName":"common-error.log","coreLogger":{"consoleLevel":"WARN"},"allowDebugAtProd":false,"type":"application"}
2020-12-18 18:18:18,139 INFO 23126 [egg-multipart] stream mode enable
2020-12-18 18:18:18,265 INFO 23126 [egg-static] starting static serve /public/ -> /Users/qsc/fe-interview/node/egg/app/public
2020-12-18 18:18:18,267 INFO 23126 [egg-security] use csrf middleware
2020-12-18 18:18:18,268 INFO 23126 [egg-security] use methodnoallow middleware
2020-12-18 18:18:18,269 INFO 23126 [egg-security] use noopen middleware
2020-12-18 18:18:18,270 INFO 23126 [egg-security] use nosniff middleware
2020-12-18 18:18:18,271 INFO 23126 [egg-security] use xssProtection middleware
2020-12-18 18:18:18,272 INFO 23126 [egg-security] use xframe middleware
2020-12-18 18:18:18,272 INFO 23126 [egg-security] use dta middleware
2020-12-18 18:18:18,273 INFO 23126 [egg-security] compose 7 middlewares into one security middleware
2020-12-18 18:18:18,279 INFO 23126 [egg:core] dump config after load, 3ms
2020-12-18 18:18:18,288 INFO 23126 [egg-watcher:application] watcher start success
2020-12-18 18:18:18,294 INFO 23126 [egg:core] dump config after ready, 4ms
2020-12-18 18:19:51,090 INFO 23264 [egg:logger] init all loggers with options: {"dir":"/Users/qsc/fe-interview/node/egg/logs/egg-study","encoding":"utf8","env":"local","level":"INFO","consoleLevel":"INFO","disableConsoleAfterReady":false,"outputJSON":false,"buffer":true,"appLogName":"egg-study-web.log","coreLogName":"egg-web.log","agentLogName":"egg-agent.log","errorLogName":"common-error.log","coreLogger":{"consoleLevel":"WARN"},"allowDebugAtProd":false,"type":"application"}
2020-12-18 18:19:51,117 INFO 23264 [egg-multipart] stream mode enable
2020-12-18 18:19:51,246 INFO 23264 [egg-static] starting static serve /public/ -> /Users/qsc/fe-interview/node/egg/app/public
2020-12-18 18:19:51,249 INFO 23264 [egg-security] use csrf middleware
2020-12-18 18:19:51,250 INFO 23264 [egg-security] use methodnoallow middleware
2020-12-18 18:19:51,250 INFO 23264 [egg-security] use noopen middleware
2020-12-18 18:19:51,251 INFO 23264 [egg-security] use nosniff middleware
2020-12-18 18:19:51,252 INFO 23264 [egg-security] use xssProtection middleware
2020-12-18 18:19:51,253 INFO 23264 [egg-security] use xframe middleware
2020-12-18 18:19:51,254 INFO 23264 [egg-security] use dta middleware
2020-12-18 18:19:51,254 INFO 23264 [egg-security] compose 7 middlewares into one security middleware
2020-12-18 18:19:51,260 INFO 23264 [egg:core] dump config after load, 3ms
2020-12-18 18:19:51,270 INFO 23264 [egg-watcher:application] watcher start success
2020-12-18 18:19:51,275 INFO 23264 [egg:core] dump config after ready, 4ms
2020-12-18 18:48:16,502 INFO 26875 [egg:logger] init all loggers with options: {"dir":"/Users/qsc/fe-interview/node/egg/logs/egg-study","encoding":"utf8","env":"local","level":"INFO","consoleLevel":"INFO","disableConsoleAfterReady":false,"outputJSON":false,"buffer":true,"appLogName":"egg-study-web.log","coreLogName":"egg-web.log","agentLogName":"egg-agent.log","errorLogName":"common-error.log","coreLogger":{"consoleLevel":"WARN"},"allowDebugAtProd":false,"type":"application"}
2020-12-18 18:48:16,528 INFO 26875 [egg-multipart] stream mode enable
2020-12-18 18:48:16,647 INFO 26875 [egg-static] starting static serve /public/ -> /Users/qsc/fe-interview/node/egg/app/public
2020-12-18 18:48:16,649 INFO 26875 [egg-security] use csrf middleware
2020-12-18 18:48:16,650 INFO 26875 [egg-security] use methodnoallow middleware
2020-12-18 18:48:16,651 INFO 26875 [egg-security] use noopen middleware
2020-12-18 18:48:16,651 INFO 26875 [egg-security] use nosniff middleware
2020-12-18 18:48:16,652 INFO 26875 [egg-security] use xssProtection middleware
2020-12-18 18:48:16,653 INFO 26875 [egg-security] use xframe middleware
2020-12-18 18:48:16,653 INFO 26875 [egg-security] use dta middleware
2020-12-18 18:48:16,653 INFO 26875 [egg-security] compose 7 middlewares into one security middleware
2020-12-18 18:48:16,661 INFO 26875 [egg:core] dump config after load, 4ms
2020-12-18 18:48:16,671 INFO 26875 [egg-watcher:application] watcher start success
2020-12-18 18:48:16,676 INFO 26875 [egg:core] dump config after ready, 4ms
2020-12-18 19:08:41,226 WARN 26875 [ClusterClient:Watcher] follower closed, and try to init it again
2020-12-18 19:13:38,813 WARN 26875 [ClusterClient:Watcher] follower closed, and try to init it again
2020-12-19 07:32:48,519 WARN 26875 [TCPBase] socket is closed by other side while there were still unhandled data in the socket buffer
2020-12-19 07:32:48,522 WARN 26875 [ClusterClient:Watcher] follower closed, and try to init it again
2020-12-21 09:24:27,740 WARN 26875 [ClusterClient:Watcher] follower closed, and try to init it again
2020-12-21 09:45:43,080 INFO 33337 [egg:logger] init all loggers with options: {"dir":"/Users/qsc/fe-interview/node/egg/logs/egg-study","encoding":"utf8","env":"local","level":"INFO","consoleLevel":"INFO","disableConsoleAfterReady":false,"outputJSON":false,"buffer":true,"appLogName":"egg-study-web.log","coreLogName":"egg-web.log","agentLogName":"egg-agent.log","errorLogName":"common-error.log","coreLogger":{"consoleLevel":"WARN"},"allowDebugAtProd":false,"type":"application"}
2020-12-21 09:45:43,107 INFO 33337 [egg-multipart] stream mode enable
2020-12-21 09:45:43,241 INFO 33337 [egg-static] starting static serve /public/ -> /Users/qsc/fe-interview/node/egg/app/public
2020-12-21 09:45:43,244 INFO 33337 [egg-security] use csrf middleware
2020-12-21 09:45:43,245 INFO 33337 [egg-security] use methodnoallow middleware
2020-12-21 09:45:43,246 INFO 33337 [egg-security] use noopen middleware
2020-12-21 09:45:43,247 INFO 33337 [egg-security] use nosniff middleware
2020-12-21 09:45:43,248 INFO 33337 [egg-security] use xssProtection middleware
2020-12-21 09:45:43,249 INFO 33337 [egg-security] use xframe middleware
2020-12-21 09:45:43,250 INFO 33337 [egg-security] use dta middleware
2020-12-21 09:45:43,250 INFO 33337 [egg-security] compose 7 middlewares into one security middleware
2020-12-21 09:45:43,260 INFO 33337 [egg:core] dump config after load, 4ms
2020-12-21 09:45:43,274 INFO 33337 [egg-watcher:application] watcher start success
2020-12-21 09:45:43,280 INFO 33337 [egg:core] dump config after ready, 5ms
2021-02-08 17:59:55,625 INFO 51247 [egg:logger] init all loggers with options: {"dir":"/Users/qsc/fe-interview/node/egg/logs/egg-study","encoding":"utf8","env":"local","level":"INFO","consoleLevel":"INFO","disableConsoleAfterReady":false,"outputJSON":false,"buffer":true,"appLogName":"egg-study-web.log","coreLogName":"egg-web.log","agentLogName":"egg-agent.log","errorLogName":"common-error.log","coreLogger":{"consoleLevel":"WARN"},"allowDebugAtProd":false,"type":"application"}
2021-02-08 17:59:55,660 INFO 51247 [egg-multipart] stream mode enable
2021-02-08 17:59:55,788 INFO 51247 [egg-static] starting static serve /public/ -> /Users/qsc/fe-interview/node/egg/app/public
2021-02-08 17:59:55,790 INFO 51247 [egg-security] use csrf middleware
2021-02-08 17:59:55,791 INFO 51247 [egg-security] use methodnoallow middleware
2021-02-08 17:59:55,792 INFO 51247 [egg-security] use noopen middleware
2021-02-08 17:59:55,793 INFO 51247 [egg-security] use nosniff middleware
2021-02-08 17:59:55,794 INFO 51247 [egg-security] use xssProtection middleware
2021-02-08 17:59:55,795 INFO 51247 [egg-security] use xframe middleware
2021-02-08 17:59:55,796 INFO 51247 [egg-security] use dta middleware
2021-02-08 17:59:55,796 INFO 51247 [egg-security] compose 7 middlewares into one security middleware
2021-02-08 17:59:55,807 INFO 51247 [egg:core] dump config after load, 6ms
2021-02-08 17:59:55,819 INFO 51247 [egg-watcher:application] watcher start success
2021-02-08 17:59:55,825 INFO 51247 [egg:core] dump config after ready, 4ms
2021-02-08 18:01:25,242 INFO 51383 [egg:logger] init all loggers with options: {"dir":"/Users/qsc/fe-interview/node/egg/logs/egg-study","encoding":"utf8","env":"local","level":"INFO","consoleLevel":"INFO","disableConsoleAfterReady":false,"outputJSON":false,"buffer":true,"appLogName":"egg-study-web.log","coreLogName":"egg-web.log","agentLogName":"egg-agent.log","errorLogName":"common-error.log","coreLogger":{"consoleLevel":"WARN"},"allowDebugAtProd":false,"type":"application"}
2021-02-08 18:01:25,309 INFO 51383 [egg-multipart] stream mode enable
2021-02-08 18:01:25,499 INFO 51383 [egg-static] starting static serve /public/ -> /Users/qsc/fe-interview/node/egg/app/public
2021-02-08 18:01:25,677 INFO 51383 [egg-security] use csrf middleware
2021-02-08 18:01:25,678 INFO 51383 [egg-security] use methodnoallow middleware
2021-02-08 18:01:25,679 INFO 51383 [egg-security] use noopen middleware
2021-02-08 18:01:25,679 INFO 51383 [egg-security] use nosniff middleware
2021-02-08 18:01:25,680 INFO 51383 [egg-security] use xssProtection middleware
2021-02-08 18:01:25,681 INFO 51383 [egg-security] use xframe middleware
2021-02-08 18:01:25,682 INFO 51383 [egg-security] use dta middleware
2021-02-08 18:01:25,682 INFO 51383 [egg-security] compose 7 middlewares into one security middleware
2021-02-08 18:01:25,708 INFO 51383 [egg:core] dump config after load, 17ms
2021-02-08 18:01:25,858 INFO 51383 [egg-watcher:application] watcher start success
2021-02-08 18:01:25,959 INFO 51383 [egg:core] dump config after ready, 27ms
